<?xml version="1.0" encoding="UTF-8"?>
<!-- Generated by org.testng.reporters.JUnitReportReporter -->
<testsuite skipped="0" hostname="DESKTOP-76GD0EL" name="GroupsTest" tests="3" failures="0" timestamp="2021-12-23T15:42:46 MSK" time="0.001" errors="0">
  <testcase name="sanityTest" time="0.001" classname="GroupsTest"/>
  <system-out/>
  <testcase name="smokeTest" time="0.000" classname="GroupsTest"/>
  <system-out/>
  <testcase name="regressionTest" time="0.000" classname="GroupsTest"/>
  <system-out/>
</testsuite> <!-- GroupsTest -->
