<?xml version="1.0" encoding="UTF-8"?>
<!-- Generated by org.testng.reporters.JUnitReportReporter -->
<testsuite skipped="0" hostname="DESKTOP-76GD0EL" name="ParamTest" tests="1" failures="0" timestamp="2021-12-23T15:42:46 MSK" time="0.001" errors="0">
  <testcase name="paramTest" time="0.001" classname="ParamTest"/>
  <system-out/>
</testsuite> <!-- ParamTest -->
