<?xml version="1.0" encoding="UTF-8"?>
<!-- Generated by org.testng.reporters.JUnitReportReporter -->
<testsuite skipped="1" hostname="DESKTOP-76GD0EL" name="CalcTest" tests="7" failures="0" timestamp="2021-12-23T15:42:46 MSK" time="1.526" errors="0">
  <testcase name="invocationTest" time="0.251" classname="CalcTest"/>
  <system-out/>
  <testcase name="invocationTest" time="0.257" classname="CalcTest"/>
  <system-out/>
  <testcase name="invocationTest" time="0.255" classname="CalcTest"/>
  <system-out/>
  <testcase name="invocationTest" time="0.252" classname="CalcTest"/>
  <system-out/>
  <testcase name="invocationTest" time="0.260" classname="CalcTest"/>
  <system-out/>
  <testcase name="invocationTest" time="0.251" classname="CalcTest"/>
  <system-out/>
  <testcase name="testSum" classname="CalcTest">
    <skipped/>
  </testcase> <!-- testSum -->
  <system-out/>
</testsuite> <!-- CalcTest -->
