<?xml version="1.0" encoding="UTF-8"?>
<!-- Generated by org.testng.reporters.JUnitReportReporter -->
<testsuite skipped="0" hostname="DESKTOP-76GD0EL" name="ExceptionTest" tests="1" failures="0" timestamp="2021-12-23T15:42:46 MSK" time="0.000" errors="0">
  <testcase name="testNPE" time="0.000" classname="ExceptionTest"/>
  <system-out/>
</testsuite> <!-- ExceptionTest -->
