<?xml version="1.0" encoding="UTF-8"?>
<!-- Generated by org.testng.reporters.JUnitReportReporter -->
<testsuite skipped="0" hostname="DESKTOP-76GD0EL" name="PriorityTest" tests="3" failures="0" timestamp="2021-12-23T15:42:46 MSK" time="0.001" errors="0">
  <testcase name="cbaTest" time="0.001" classname="PriorityTest"/>
  <system-out/>
  <testcase name="bacTest" time="0.000" classname="PriorityTest"/>
  <system-out/>
  <testcase name="abcTest" time="0.000" classname="PriorityTest"/>
  <system-out/>
</testsuite> <!-- PriorityTest -->
