<?xml version="1.0" encoding="UTF-8"?>
<!-- Generated by org.testng.reporters.JUnitReportReporter -->
<testsuite skipped="3" hostname="DESKTOP-76GD0EL" name="RetryTest" tests="4" failures="0" timestamp="2021-12-23T15:42:46 MSK" time="0.001" errors="0">
  <testcase name="flakyTest" time="0.000" classname="RetryTest">
    <skipped/>
  </testcase> <!-- flakyTest -->
  <system-out/>
  <testcase name="flakyTest" time="0.001" classname="RetryTest">
    <skipped/>
  </testcase> <!-- flakyTest -->
  <system-out/>
  <testcase name="flakyTest" time="0.000" classname="RetryTest">
    <skipped/>
  </testcase> <!-- flakyTest -->
  <system-out/>
  <testcase name="flakyTest" time="0.000" classname="RetryTest"/>
  <system-out/>
</testsuite> <!-- RetryTest -->
